ng/platforms/android/CordovaLib/build/outputs/logs/manifest-merger-debug-report.txt
-- Merging decision tree log ---
manifest
ADDED from android\CordovaLib\AndroidManifest.xml:20:1-23:12
INJECTED from android\CordovaLib\AndroidManifest.xml:20:1-23:12
INJECTED from android\CordovaLib\AndroidManifest.xml:20:1-23:12
INJECTED from android\CordovaLib\AndroidManifest.xml:20:1-23:12
INJECTED from android\CordovaLib\AndroidManifest.xml:20:1-23:12
INJECTED from android\CordovaLib\AndroidManifest.xml:20:1-23:12
INJECTED from android\CordovaLib\AndroidManifest.xml:20:1-23:12
	package
		ADDED from android\CordovaLib\AndroidManifest.xml:21:7-35
		INJECTED from android\CordovaLib\AndroidManifest.xml
		INJECTED from android\CordovaLib\AndroidManifest.xml
	android:versionName
		ADDED from android\CordovaLib\AndroidManifest.xml:21:36-61
		INJECTED from android\CordovaLib\AndroidManifest.xml
		INJECTED from android\CordovaLib\AndroidManifest.xml
	xmlns:android
		ADDED from android\CordovaLib\AndroidManifest.xml:20:11-69
	android:versionCode
		ADDED from android\CordovaLib\AndroidManifest.xml:21:62-85
		INJECTED from android\CordovaLib\AndroidManifest.xml
		INJECTED from android\CordovaLib\AndroidManifest.xml
uses-sdk
ADDED from android\CordovaLib\AndroidManifest.xml:22:5-44
	android:minSdkVersion
		ADDED from android\CordovaLib\AndroidManifest.xml:22:15-41